<?xml version="1.0" encoding="UTF-8"?>
<testsuite xmlns:xsi="http://www.w3.org/2001/XMLSchema-instance" xsi:noNamespaceSchemaLocation="https://maven.apache.org/surefire/maven-surefire-plugin/xsd/surefire-test-report.xsd" version="3.0.2" name="cn.edu.xmu.aftersale.controller.AftersaleControllerWebTest$ConfirmAftersaleTests" time="2.198" tests="3" errors="0" skipped="0" failures="0">
  <properties>
[...]
</properties>
  <testcase name="confirmRepair_Approve" classname="cn.edu.xmu.aftersale.controller.AftersaleControllerWebTest$ConfirmAftersaleTests" time="0.733">
    <system-out><![CDATA[Creating a new SqlSession
SqlSession [org.apache.ibatis.session.defaults.DefaultSqlSession@7a27b1ca] was not registered for synchronization because synchronization is not active
JDBC Connection [com.alibaba.druid.pool.DruidStatementConnection@236d77a5] will not be managed by Spring
==>  Preparing: INSERT INTO aftersales (shop_id, order_id, customer_id, product_id, type, reason, status, express_id, return_express_id, gmt_create, gmt_modified) VALUES (?, ?, ?, ?, ?, ?, ?, ?, ?, ?, ?)
==> Parameters: 1(Long), 1002(Long), 1(Long), 1(Long), 2(Integer), 测试(String), 0(Integer), null, null, 2025-12-26T00:18:26.277317(LocalDateTime), 2025-12-26T00:18:26.277339(LocalDateTime)
<==    Updates: 1
Closing non transactional SqlSession [org.apache.ibatis.session.defaults.DefaultSqlSession@7a27b1ca]
2025-12-26T00:18:26.386+08:00  INFO 33360 --- [aftersale-service] [           main] c.e.x.a.dao.AftersaleOrderRepository     : 售后单创建成功: id=1037
2025-12-26T00:18:26.397+08:00  INFO 33360 --- [aftersale-service] [           main] c.e.x.a.controller.AftersaleController   : 商户审核售后API: shopId=1, id=1037, confirm=true
2025-12-26T00:18:26.448+08:00  INFO 33360 --- [aftersale-service] [           main] c.e.x.a.service.AftersaleService         : 开始审核售后单: shopId=1, id=1037, confirm=true
Creating a new SqlSession
Registering transaction synchronization for SqlSession [org.apache.ibatis.session.defaults.DefaultSqlSession@3ee2466e]
JDBC Connection [com.alibaba.druid.pool.DruidStatementConnection@236d77a5] will be managed by Spring
==>  Preparing: SELECT * FROM aftersales WHERE id = ? AND shop_id = ?
==> Parameters: 1037(Long), 1(Long)
<==    Columns: id, shop_id, order_id, order_item_id, customer_id, product_id, type, reason, status, conclusion, gmt_create, gmt_modified, express_id, return_express_id
<==        Row: 1037, 1, 1002, null, 1, 1, 2, 测试, 0, null, 2025-12-26 00:18:26, 2025-12-26 00:18:26, null, null
<==      Total: 1
Releasing transactional SqlSession [org.apache.ibatis.session.defaults.DefaultSqlSession@3ee2466e]
2025-12-26T00:18:26.499+08:00  INFO 33360 --- [aftersale-service] [           main] c.e.x.a.m.s.impl.RepairConfirmStrategy   : 执行维修审核策略: orderId=1037, confirm=true
2025-12-26T00:18:26.500+08:00  INFO 33360 --- [aftersale-service] [           main] c.e.x.a.m.s.impl.RepairConfirmStrategy   : 维修审核通过: orderId=1037, 状态转换为待完成
2025-12-26T00:18:26.501+08:00  INFO 33360 --- [aftersale-service] [           main] c.e.x.a.m.s.impl.RepairConfirmStrategy   : 维修服务单创建成功: aftersaleId=1037
Fetched SqlSession [org.apache.ibatis.session.defaults.DefaultSqlSession@3ee2466e] from current transaction
==>  Preparing: UPDATE aftersales SET status = ?, conclusion = ?, express_id = ?, return_express_id = ?, gmt_modified = ? WHERE id = ? AND shop_id = ?
==> Parameters: 2(Integer), 同意维修(String), null, null, 2025-12-26T00:18:26.500022(LocalDateTime), 1037(Long), 1(Long)
<==    Updates: 1
Releasing transactional SqlSession [org.apache.ibatis.session.defaults.DefaultSqlSession@3ee2466e]
2025-12-26T00:18:26.601+08:00  INFO 33360 --- [aftersale-service] [           main] c.e.x.a.dao.AftersaleOrderRepository     : 售后单更新成功: id=1037, status=TO_BE_COMPLETED
2025-12-26T00:18:26.601+08:00  INFO 33360 --- [aftersale-service] [           main] c.e.x.a.service.AftersaleService         : 售后单审核完成: id=1037, status=TO_BE_COMPLETED
Transaction synchronization committing SqlSession [org.apache.ibatis.session.defaults.DefaultSqlSession@3ee2466e]
Transaction synchronization deregistering SqlSession [org.apache.ibatis.session.defaults.DefaultSqlSession@3ee2466e]
Transaction synchronization closing SqlSession [org.apache.ibatis.session.defaults.DefaultSqlSession@3ee2466e]

MockHttpServletRequest:
      HTTP Method = PUT
      Request URI = /shops/1/aftersaleorders/1037/confirm
       Parameters = {}
          Headers = [Content-Type:"application/json;charset=UTF-8", Content-Length:"48"]
             Body = {"confirm": true, "conclusion": "同意维修"}

    Session Attrs = {}

Handler:
             Type = cn.edu.xmu.aftersale.controller.AftersaleController
           Method = cn.edu.xmu.aftersale.controller.AftersaleController#confirmAftersale(Long, Long, ConfirmAftersaleRequest)

Async:
    Async started = false
     Async result = null

Resolved Exception:
             Type = null

ModelAndView:
        View name = null
             View = null
            Model = null

FlashMap:
       Attributes = null

MockHttpServletResponse:
           Status = 200
    Error message = null
          Headers = [Vary:"Origin", "Access-Control-Request-Method", "Access-Control-Request-Headers", Content-Type:"application/json"]
     Content type = application/json
             Body = {"errmsg":"ReturnNo.OK","data":{"errno":0,"errmsg":"ReturnNo.OK","status":"TO_BE_COMPLETED"},"errno":0}
    Forwarded URL = null
   Redirected URL = null
          Cookies = []
]]></system-out>
  </testcase>
  <testcase name="confirmReturn_Approve" classname="cn.edu.xmu.aftersale.controller.AftersaleControllerWebTest$ConfirmAftersaleTests" time="0.739">
    <system-out><![CDATA[Creating a new SqlSession
SqlSession [org.apache.ibatis.session.defaults.DefaultSqlSession@27b4eb29] was not registered for synchronization because synchronization is not active
JDBC Connection [com.alibaba.druid.pool.DruidStatementConnection@236d77a5] will not be managed by Spring
==>  Preparing: INSERT INTO aftersales (shop_id, order_id, customer_id, product_id, type, reason, status, express_id, return_express_id, gmt_create, gmt_modified) VALUES (?, ?, ?, ?, ?, ?, ?, ?, ?, ?, ?)
==> Parameters: 1(Long), 1001(Long), 1(Long), 1(Long), 1(Integer), 测试(String), 0(Integer), null, null, 2025-12-26T00:18:27.014499(LocalDateTime), 2025-12-26T00:18:27.014522(LocalDateTime)
<==    Updates: 1
Closing non transactional SqlSession [org.apache.ibatis.session.defaults.DefaultSqlSession@27b4eb29]
2025-12-26T00:18:27.119+08:00  INFO 33360 --- [aftersale-service] [           main] c.e.x.a.dao.AftersaleOrderRepository     : 售后单创建成功: id=1038
2025-12-26T00:18:27.125+08:00  INFO 33360 --- [aftersale-service] [           main] c.e.x.a.controller.AftersaleController   : 商户审核售后API: shopId=1, id=1038, confirm=true
2025-12-26T00:18:27.176+08:00  INFO 33360 --- [aftersale-service] [           main] c.e.x.a.service.AftersaleService         : 开始审核售后单: shopId=1, id=1038, confirm=true
Creating a new SqlSession
Registering transaction synchronization for SqlSession [org.apache.ibatis.session.defaults.DefaultSqlSession@66dfa9df]
JDBC Connection [com.alibaba.druid.pool.DruidStatementConnection@236d77a5] will be managed by Spring
==>  Preparing: SELECT * FROM aftersales WHERE id = ? AND shop_id = ?
==> Parameters: 1038(Long), 1(Long)
<==    Columns: id, shop_id, order_id, order_item_id, customer_id, product_id, type, reason, status, conclusion, gmt_create, gmt_modified, express_id, return_express_id
<==        Row: 1038, 1, 1001, null, 1, 1, 1, 测试, 0, null, 2025-12-26 00:18:27, 2025-12-26 00:18:27, null, null
<==      Total: 1
Releasing transactional SqlSession [org.apache.ibatis.session.defaults.DefaultSqlSession@66dfa9df]
2025-12-26T00:18:27.228+08:00  INFO 33360 --- [aftersale-service] [           main] c.e.x.a.m.s.impl.ReturnConfirmStrategy   : 执行退货审核策略: orderId=1038, confirm=true
2025-12-26T00:18:27.228+08:00  INFO 33360 --- [aftersale-service] [           main] c.e.x.a.m.s.impl.ReturnConfirmStrategy   : 退货审核通过: orderId=1038, 状态转换为待验收
2025-12-26T00:18:27.232+08:00  INFO 33360 --- [aftersale-service] [           main] c.e.x.a.m.s.impl.ReturnConfirmStrategy   : 物流运单创建成功: packageId=888, billCode=BILL-888
2025-12-26T00:18:27.232+08:00  INFO 33360 --- [aftersale-service] [           main] c.e.x.a.m.s.impl.ReturnConfirmStrategy   : 退货运单创建成功: aftersaleId=1038, expressId=888
Fetched SqlSession [org.apache.ibatis.session.defaults.DefaultSqlSession@66dfa9df] from current transaction
==>  Preparing: UPDATE aftersales SET status = ?, conclusion = ?, express_id = ?, return_express_id = ?, gmt_modified = ? WHERE id = ? AND shop_id = ?
==> Parameters: 1(Integer), 同意退货(String), 888(Long), null, 2025-12-26T00:18:27.228335(LocalDateTime), 1038(Long), 1(Long)
<==    Updates: 1
Releasing transactional SqlSession [org.apache.ibatis.session.defaults.DefaultSqlSession@66dfa9df]
2025-12-26T00:18:27.336+08:00  INFO 33360 --- [aftersale-service] [           main] c.e.x.a.dao.AftersaleOrderRepository     : 售后单更新成功: id=1038, status=TO_BE_RECEIVED
2025-12-26T00:18:27.336+08:00  INFO 33360 --- [aftersale-service] [           main] c.e.x.a.service.AftersaleService         : 售后单审核完成: id=1038, status=TO_BE_RECEIVED
Transaction synchronization committing SqlSession [org.apache.ibatis.session.defaults.DefaultSqlSession@66dfa9df]
Transaction synchronization deregistering SqlSession [org.apache.ibatis.session.defaults.DefaultSqlSession@66dfa9df]
Transaction synchronization closing SqlSession [org.apache.ibatis.session.defaults.DefaultSqlSession@66dfa9df]

MockHttpServletRequest:
      HTTP Method = PUT
      Request URI = /shops/1/aftersaleorders/1038/confirm
       Parameters = {}
          Headers = [Content-Type:"application/json;charset=UTF-8", Content-Length:"48"]
             Body = {"confirm": true, "conclusion": "同意退货"}

    Session Attrs = {}

Handler:
             Type = cn.edu.xmu.aftersale.controller.AftersaleController
           Method = cn.edu.xmu.aftersale.controller.AftersaleController#confirmAftersale(Long, Long, ConfirmAftersaleRequest)

Async:
    Async started = false
     Async result = null

Resolved Exception:
             Type = null

ModelAndView:
        View name = null
             View = null
            Model = null

FlashMap:
       Attributes = null

MockHttpServletResponse:
           Status = 200
    Error message = null
          Headers = [Vary:"Origin", "Access-Control-Request-Method", "Access-Control-Request-Headers", Content-Type:"application/json"]
     Content type = application/json
             Body = {"errmsg":"ReturnNo.OK","data":{"errno":0,"errmsg":"ReturnNo.OK","status":"TO_BE_RECEIVED"},"errno":0}
    Forwarded URL = null
   Redirected URL = null
          Cookies = []
]]></system-out>
  </testcase>
  <testcase name="confirm_Reject" classname="cn.edu.xmu.aftersale.controller.AftersaleControllerWebTest$ConfirmAftersaleTests" time="0.716">
    <system-out><![CDATA[Creating a new SqlSession
SqlSession [org.apache.ibatis.session.defaults.DefaultSqlSession@248651cd] was not registered for synchronization because synchronization is not active
JDBC Connection [com.alibaba.druid.pool.DruidStatementConnection@236d77a5] will not be managed by Spring
==>  Preparing: INSERT INTO aftersales (shop_id, order_id, customer_id, product_id, type, reason, status, express_id, return_express_id, gmt_create, gmt_modified) VALUES (?, ?, ?, ?, ?, ?, ?, ?, ?, ?, ?)
==> Parameters: 1(Long), 1001(Long), 1(Long), 1(Long), 1(Integer), 测试(String), 0(Integer), null, null, 2025-12-26T00:18:27.755554(LocalDateTime), 2025-12-26T00:18:27.755567(LocalDateTime)
<==    Updates: 1
Closing non transactional SqlSession [org.apache.ibatis.session.defaults.DefaultSqlSession@248651cd]
2025-12-26T00:18:27.858+08:00  INFO 33360 --- [aftersale-service] [           main] c.e.x.a.dao.AftersaleOrderRepository     : 售后单创建成功: id=1039
2025-12-26T00:18:27.863+08:00  INFO 33360 --- [aftersale-service] [           main] c.e.x.a.controller.AftersaleController   : 商户审核售后API: shopId=1, id=1039, confirm=false
2025-12-26T00:18:27.914+08:00  INFO 33360 --- [aftersale-service] [           main] c.e.x.a.service.AftersaleService         : 开始审核售后单: shopId=1, id=1039, confirm=false
Creating a new SqlSession
Registering transaction synchronization for SqlSession [org.apache.ibatis.session.defaults.DefaultSqlSession@609d3378]
JDBC Connection [com.alibaba.druid.pool.DruidStatementConnection@236d77a5] will be managed by Spring
==>  Preparing: SELECT * FROM aftersales WHERE id = ? AND shop_id = ?
==> Parameters: 1039(Long), 1(Long)
<==    Columns: id, shop_id, order_id, order_item_id, customer_id, product_id, type, reason, status, conclusion, gmt_create, gmt_modified, express_id, return_express_id
<==        Row: 1039, 1, 1001, null, 1, 1, 1, 测试, 0, null, 2025-12-26 00:18:28, 2025-12-26 00:18:28, null, null
<==      Total: 1
Releasing transactional SqlSession [org.apache.ibatis.session.defaults.DefaultSqlSession@609d3378]
2025-12-26T00:18:27.964+08:00  INFO 33360 --- [aftersale-service] [           main] c.e.x.a.m.s.impl.ReturnConfirmStrategy   : 执行退货审核策略: orderId=1039, confirm=false
2025-12-26T00:18:27.964+08:00  INFO 33360 --- [aftersale-service] [           main] c.e.x.a.m.s.impl.ReturnConfirmStrategy   : 退货审核拒绝: orderId=1039, reason=不符合条件
Fetched SqlSession [org.apache.ibatis.session.defaults.DefaultSqlSession@609d3378] from current transaction
==>  Preparing: UPDATE aftersales SET status = ?, conclusion = ?, express_id = ?, return_express_id = ?, gmt_modified = ? WHERE id = ? AND shop_id = ?
==> Parameters: 4(Integer), 不符合条件(String), null, null, 2025-12-26T00:18:27.964630(LocalDateTime), 1039(Long), 1(Long)
<==    Updates: 1
Releasing transactional SqlSession [org.apache.ibatis.session.defaults.DefaultSqlSession@609d3378]
2025-12-26T00:18:28.064+08:00  INFO 33360 --- [aftersale-service] [           main] c.e.x.a.dao.AftersaleOrderRepository     : 售后单更新成功: id=1039, status=REJECTED
2025-12-26T00:18:28.064+08:00  INFO 33360 --- [aftersale-service] [           main] c.e.x.a.service.AftersaleService         : 售后单审核完成: id=1039, status=REJECTED
Transaction synchronization committing SqlSession [org.apache.ibatis.session.defaults.DefaultSqlSession@609d3378]
Transaction synchronization deregistering SqlSession [org.apache.ibatis.session.defaults.DefaultSqlSession@609d3378]
Transaction synchronization closing SqlSession [org.apache.ibatis.session.defaults.DefaultSqlSession@609d3378]

MockHttpServletRequest:
      HTTP Method = PUT
      Request URI = /shops/1/aftersaleorders/1039/confirm
       Parameters = {}
          Headers = [Content-Type:"application/json;charset=UTF-8", Content-Length:"52"]
             Body = {"confirm": false, "conclusion": "不符合条件"}

    Session Attrs = {}

Handler:
             Type = cn.edu.xmu.aftersale.controller.AftersaleController
           Method = cn.edu.xmu.aftersale.controller.AftersaleController#confirmAftersale(Long, Long, ConfirmAftersaleRequest)

Async:
    Async started = false
     Async result = null

Resolved Exception:
             Type = null

ModelAndView:
        View name = null
             View = null
            Model = null

FlashMap:
       Attributes = null

MockHttpServletResponse:
           Status = 200
    Error message = null
          Headers = [Vary:"Origin", "Access-Control-Request-Method", "Access-Control-Request-Headers", Content-Type:"application/json"]
     Content type = application/json
             Body = {"errmsg":"ReturnNo.OK","data":{"errno":0,"errmsg":"ReturnNo.OK","status":"REJECTED"},"errno":0}
    Forwarded URL = null
   Redirected URL = null
          Cookies = []
]]></system-out>
  </testcase>
</testsuite>