<?xml version="1.0" encoding="UTF-8"?>
<testsuite xmlns:xsi="http://www.w3.org/2001/XMLSchema-instance" xsi:noNamespaceSchemaLocation="https://maven.apache.org/surefire/maven-surefire-plugin/xsd/surefire-test-report.xsd" version="3.0.2" name="cn.edu.xmu.aftersale.service.AftersaleServiceTest" time="0.083" tests="7" errors="0" skipped="0" failures="0">
  <properties>
[...]
</properties>
  <testcase name="testCancelAftersale_Repair" classname="cn.edu.xmu.aftersale.service.AftersaleServiceTest" time="0.052">
    <system-out><![CDATA[18:30:36.461 [main] INFO cn.edu.xmu.aftersale.service.AftersaleService -- 开始取消售后单: shopId=1, id=6, reason=服务商无法提供服务
18:30:36.462 [main] INFO cn.edu.xmu.aftersale.service.AftersaleService -- 售后单取消完成: id=6, status=CANCELLED
]]></system-out>
  </testcase>
  <testcase name="testCancelAftersale_Return" classname="cn.edu.xmu.aftersale.service.AftersaleServiceTest" time="0.005">
    <system-out><![CDATA[18:30:36.468 [main] INFO cn.edu.xmu.aftersale.service.AftersaleService -- 开始取消售后单: shopId=1, id=4, reason=客户要求取消
18:30:36.468 [main] INFO cn.edu.xmu.aftersale.service.AftersaleService -- 售后单取消完成: id=4, status=CANCELLED
]]></system-out>
  </testcase>
  <testcase name="testConfirmAftersale_Exchange" classname="cn.edu.xmu.aftersale.service.AftersaleServiceTest" time="0.006">
    <system-out><![CDATA[18:30:36.473 [main] INFO cn.edu.xmu.aftersale.service.AftersaleService -- 开始审核售后单: shopId=1, id=2, confirm=true
18:30:36.474 [main] INFO cn.edu.xmu.aftersale.service.AftersaleService -- 售后单审核完成: id=2, status=APPROVED
]]></system-out>
  </testcase>
  <testcase name="testConfirmAftersale_Reject" classname="cn.edu.xmu.aftersale.service.AftersaleServiceTest" time="0.003">
    <system-out><![CDATA[18:30:36.477 [main] INFO cn.edu.xmu.aftersale.service.AftersaleService -- 开始审核售后单: shopId=1, id=1, confirm=false
18:30:36.478 [main] INFO cn.edu.xmu.aftersale.service.AftersaleService -- 售后单审核完成: id=1, status=CANCELLED
]]></system-out>
  </testcase>
  <testcase name="testConfirmAftersale_Repair" classname="cn.edu.xmu.aftersale.service.AftersaleServiceTest" time="0.004">
    <system-out><![CDATA[18:30:36.481 [main] INFO cn.edu.xmu.aftersale.service.AftersaleService -- 开始审核售后单: shopId=1, id=3, confirm=true
18:30:36.482 [main] INFO cn.edu.xmu.aftersale.service.AftersaleService -- 售后单审核完成: id=3, status=APPROVED
]]></system-out>
  </testcase>
  <testcase name="testConfirmAftersale_Return" classname="cn.edu.xmu.aftersale.service.AftersaleServiceTest" time="0.003">
    <system-out><![CDATA[18:30:36.486 [main] INFO cn.edu.xmu.aftersale.service.AftersaleService -- 开始审核售后单: shopId=1, id=1, confirm=true
18:30:36.486 [main] INFO cn.edu.xmu.aftersale.service.AftersaleService -- 售后单审核完成: id=1, status=APPROVED
]]></system-out>
  </testcase>
  <testcase name="testCancelAftersale_Exchange" classname="cn.edu.xmu.aftersale.service.AftersaleServiceTest" time="0.005">
    <system-out><![CDATA[18:30:36.490 [main] INFO cn.edu.xmu.aftersale.service.AftersaleService -- 开始取消售后单: shopId=1, id=5, reason=商品缺货
18:30:36.490 [main] INFO cn.edu.xmu.aftersale.service.AftersaleService -- 售后单取消完成: id=5, status=CANCELLED
]]></system-out>
  </testcase>
</testsuite>