<?xml version="1.0" encoding="UTF-8"?>
<testsuite xmlns:xsi="http://www.w3.org/2001/XMLSchema-instance" xsi:noNamespaceSchemaLocation="https://maven.apache.org/surefire/maven-surefire-plugin/xsd/surefire-test-report.xsd" version="3.0.2" name="cn.edu.xmu.service.controller.ServiceProviderControllerWebTest$DraftHistoryTests" time="5.028" tests="1" errors="0" skipped="0" failures="0">
  <properties>
[...]
</properties>
  <testcase name="getDraftHistory_ShouldReturnHistory" classname="cn.edu.xmu.service.controller.ServiceProviderControllerWebTest$DraftHistoryTests" time="0.318">
    <system-out><![CDATA[
  .   ____          _            __ _ _
 /\\ / ___'_ __ _ _(_)_ __  __ _ \ \ \ \
( ( )\___ | '_ | '_| | '_ \/ _` | \ \ \ \
 \\/  ___)| |_)| | | | | || (_| |  ) ) ) )
  '  |____| .__|_| |_|_| |_\__, | / / / /
 =========|_|==============|___/=/_/_/_/
 :: Spring Boot ::                (v3.2.5)

2025-12-26T00:18:34.367+08:00  INFO 33393 --- [service-service] [           main] e.x.s.c.ServiceProviderControllerWebTest : Starting ServiceProviderControllerWebTest using Java 21.0.9 with PID 33393 (started by jhlee in /Users/jhlee/Desktop/ooad/aftersale-service-system/service)
2025-12-26T00:18:34.368+08:00 DEBUG 33393 --- [service-service] [           main] e.x.s.c.ServiceProviderControllerWebTest : Running with Spring Boot v3.2.5, Spring v6.1.6
2025-12-26T00:18:34.368+08:00  INFO 33393 --- [service-service] [           main] e.x.s.c.ServiceProviderControllerWebTest : No active profile set, falling back to 1 default profile: "default"
2025-12-26T00:18:34.933+08:00  INFO 33393 --- [service-service] [           main] .s.d.r.c.RepositoryConfigurationDelegate : Multiple Spring Data modules found, entering strict repository configuration mode
2025-12-26T00:18:34.934+08:00  INFO 33393 --- [service-service] [           main] .s.d.r.c.RepositoryConfigurationDelegate : Bootstrapping Spring Data JPA repositories in DEFAULT mode.
2025-12-26T00:18:34.944+08:00  INFO 33393 --- [service-service] [           main] .s.d.r.c.RepositoryConfigurationDelegate : Finished Spring Data repository scanning in 6 ms. Found 0 JPA repository interfaces.
2025-12-26T00:18:34.951+08:00  INFO 33393 --- [service-service] [           main] .s.d.r.c.RepositoryConfigurationDelegate : Multiple Spring Data modules found, entering strict repository configuration mode
2025-12-26T00:18:34.951+08:00  INFO 33393 --- [service-service] [           main] .s.d.r.c.RepositoryConfigurationDelegate : Bootstrapping Spring Data Redis repositories in DEFAULT mode.
2025-12-26T00:18:34.959+08:00  INFO 33393 --- [service-service] [           main] .s.d.r.c.RepositoryConfigurationDelegate : Finished Spring Data repository scanning in 3 ms. Found 0 Redis repository interfaces.
2025-12-26T00:18:35.076+08:00  INFO 33393 --- [service-service] [           main] o.s.cloud.context.scope.GenericScope     : BeanFactory id=73190e82-ebe1-3ce0-9cd9-2684af4aa2b4
2025-12-26T00:18:35.305+08:00  WARN 33393 --- [service-service] [           main] trationDelegate$BeanPostProcessorChecker : Bean 'org.springframework.cloud.client.loadbalancer.LoadBalancerAutoConfiguration$DeferringLoadBalancerInterceptorConfig' of type [org.springframework.cloud.client.loadbalancer.LoadBalancerAutoConfiguration$DeferringLoadBalancerInterceptorConfig] is not eligible for getting processed by all BeanPostProcessors (for example: not eligible for auto-proxying). The currently created BeanPostProcessor [lbRestClientPostProcessor] is declared through a non-static factory method on that class; consider declaring it as static instead.
2025-12-26T00:18:35.307+08:00  WARN 33393 --- [service-service] [           main] trationDelegate$BeanPostProcessorChecker : Bean 'deferringLoadBalancerInterceptor' of type [org.springframework.cloud.client.loadbalancer.DeferringLoadBalancerInterceptor] is not eligible for getting processed by all BeanPostProcessors (for example: not eligible for auto-proxying). Is this bean getting eagerly injected into a currently created BeanPostProcessor [lbRestClientPostProcessor]? Check the corresponding BeanPostProcessor declaration and its dependencies.
2025-12-26T00:18:35.334+08:00  INFO 33393 --- [service-service] [           main] c.a.d.s.b.a.DruidDataSourceAutoConfigure : Init DruidDataSource
2025-12-26T00:18:37.010+08:00  INFO 33393 --- [service-service] [           main] com.alibaba.druid.pool.DruidDataSource   : {dataSource-1} inited
2025-12-26T00:18:37.162+08:00  INFO 33393 --- [service-service] [           main] o.hibernate.jpa.internal.util.LogHelper  : HHH000204: Processing PersistenceUnitInfo [name: default]
2025-12-26T00:18:37.192+08:00  INFO 33393 --- [service-service] [           main] org.hibernate.Version                    : HHH000412: Hibernate ORM core version 6.4.4.Final
2025-12-26T00:18:37.207+08:00  INFO 33393 --- [service-service] [           main] o.h.c.internal.RegionFactoryInitiator    : HHH000026: Second-level cache disabled
2025-12-26T00:18:37.257+08:00  INFO 33393 --- [service-service] [           main] o.s.o.j.p.SpringPersistenceUnitInfo      : No LoadTimeWeaver setup: ignoring JPA class transformer
2025-12-26T00:18:37.557+08:00  INFO 33393 --- [service-service] [           main] o.h.e.t.j.p.i.JtaPlatformInitiator       : HHH000489: No JTA platform available (set 'hibernate.transaction.jta.platform' to enable JTA platform integration)
2025-12-26T00:18:37.560+08:00  INFO 33393 --- [service-service] [           main] j.LocalContainerEntityManagerFactoryBean : Initialized JPA EntityManagerFactory for persistence unit 'default'
Logging initialized using 'class org.apache.ibatis.logging.stdout.StdOutImpl' adapter.
2025-12-26T00:18:37.689+08:00  WARN 33393 --- [service-service] [           main] JpaBaseConfiguration$JpaWebConfiguration : spring.jpa.open-in-view is enabled by default. Therefore, database queries may be performed during view rendering. Explicitly configure spring.jpa.open-in-view to disable this warning


,------.                           ,--.  ,--.         ,--.                         
|  .--. '  ,--,--.  ,---.   ,---.  |  '--'  |  ,---.  |  |  ,---.   ,---.  ,--.--. 
|  '--' | ' ,-.  | | .-. | | .-. : |  .--.  | | .-. : |  | | .-. | | .-. : |  .--' 
|  | --'  \ '-'  | ' '-' ' \   --. |  |  |  | \   --. |  | | '-' ' \   --. |  |    
`--'       `--`--' .`-  /   `----' `--'  `--'  `----' `--' |  |-'   `----' `--'    
                   `---'                                   `--'                        is intercepting.

2025-12-26T00:18:38.764+08:00  INFO 33393 --- [service-service] [           main] o.s.b.t.m.w.SpringBootMockServletContext : Initializing Spring TestDispatcherServlet ''
2025-12-26T00:18:38.764+08:00  INFO 33393 --- [service-service] [           main] o.s.t.web.servlet.TestDispatcherServlet  : Initializing Servlet ''
2025-12-26T00:18:38.769+08:00  INFO 33393 --- [service-service] [           main] o.s.b.a.e.web.EndpointLinksResolver      : Exposing 15 endpoint(s) beneath base path '/actuator'
2025-12-26T00:18:38.779+08:00  INFO 33393 --- [service-service] [           main] o.s.t.web.servlet.TestDispatcherServlet  : Completed initialization in 15 ms
2025-12-26T00:18:38.809+08:00  WARN 33393 --- [service-service] [           main] iguration$LoadBalancerCaffeineWarnLogger : Spring Cloud LoadBalancer is currently working with the default cache. While this cache implementation is useful for development and tests, it's recommended to use Caffeine cache in production.You can switch to using Caffeine cache, by adding it and org.springframework.cache.caffeine.CaffeineCacheManager to the classpath.
2025-12-26T00:18:38.836+08:00  INFO 33393 --- [service-service] [           main] e.x.s.c.ServiceProviderControllerWebTest : Started ServiceProviderControllerWebTest in 4.674 seconds (process running for 6.031)
Creating a new SqlSession
SqlSession [org.apache.ibatis.session.defaults.DefaultSqlSession@29ef31d4] was not registered for synchronization because synchronization is not active
JDBC Connection [com.alibaba.druid.pool.DruidStatementConnection@375df0ed] will not be managed by Spring
==>  Preparing: INSERT INTO service_provider_draft (service_provider_id, provider_name, contact_person, contact_phone, address, status, created_at, updated_at) VALUES (?, ?, ?, ?, ?, ?, ?, ?)
==> Parameters: 20(Long), 历史服务商(String), 联系人A(String), 13800001111(String), 泉州(String), APPROVED(String), 2025-12-24T00:18:38.847076(LocalDateTime), 2025-12-25T00:18:38.847088(LocalDateTime)
<==    Updates: 1
Closing non transactional SqlSession [org.apache.ibatis.session.defaults.DefaultSqlSession@29ef31d4]
2025-12-26T00:18:38.972+08:00  INFO 33393 --- [service-service] [           main] c.e.x.s.d.ServiceProviderDraftRepository : 服务商草稿创建成功: id=277
2025-12-26T00:18:39.044+08:00  INFO 33393 --- [service-service] [           main] c.e.x.s.c.ServiceProviderController      : 平台管理员查看变更历史: draftId=277
Creating a new SqlSession
SqlSession [org.apache.ibatis.session.defaults.DefaultSqlSession@65c26015] was not registered for synchronization because synchronization is not active
JDBC Connection [com.alibaba.druid.pool.DruidStatementConnection@375df0ed] will not be managed by Spring
==>  Preparing: SELECT * FROM service_provider_draft WHERE id = ?
==> Parameters: 277(Long)
<==    Columns: id, service_provider_id, provider_name, contact_person, contact_phone, address, status, opinion, created_at, updated_at
<==        Row: 277, 20, 历史服务商, 联系人A, 13800001111, 泉州, APPROVED, null, 2025-12-24 00:18:39, 2025-12-25 00:18:39
<==      Total: 1
Closing non transactional SqlSession [org.apache.ibatis.session.defaults.DefaultSqlSession@65c26015]

MockHttpServletRequest:
      HTTP Method = GET
      Request URI = /drafts/277/history
       Parameters = {}
          Headers = []
             Body = null
    Session Attrs = {}

Handler:
             Type = cn.edu.xmu.service.controller.ServiceProviderController
           Method = cn.edu.xmu.service.controller.ServiceProviderController#getDraftHistory(Long)

Async:
    Async started = false
     Async result = null

Resolved Exception:
             Type = null

ModelAndView:
        View name = null
             View = null
            Model = null

FlashMap:
       Attributes = null

MockHttpServletResponse:
           Status = 200
    Error message = null
          Headers = [Vary:"Origin", "Access-Control-Request-Method", "Access-Control-Request-Headers", Content-Type:"application/json"]
     Content type = application/json
             Body = {"errmsg":"ReturnNo.OK","data":{"history":["2025-12-24 00:18:39 提交变更申请","2025-12-25 00:18:39 审核通过"]},"errno":0}
    Forwarded URL = null
   Redirected URL = null
          Cookies = []
]]></system-out>
  </testcase>
</testsuite>