<?xml version="1.0" encoding="UTF-8"?>
<testsuite xmlns:xsi="http://www.w3.org/2001/XMLSchema-instance" xsi:noNamespaceSchemaLocation="https://maven.apache.org/surefire/maven-surefire-plugin/xsd/surefire-test-report.xsd" version="3.0.2" name="cn.edu.xmu.service.ServiceProviderServiceTest" time="0.046" tests="7" errors="0" skipped="0" failures="0">
  <properties>
[...]
</properties>
  <testcase name="testReviewDraft_InvalidConclusion" classname="cn.edu.xmu.service.ServiceProviderServiceTest" time="0.04">
    <system-out><![CDATA[2025-12-26T00:18:44.857+08:00  INFO 33393 --- [service-service] [           main] c.e.x.s.service.ServiceProviderService   : 开始审核服务商变更: draftId=3, conclusion=999
]]></system-out>
  </testcase>
  <testcase name="listDraftsShouldAssembleResponse" classname="cn.edu.xmu.service.ServiceProviderServiceTest" time="0.001"/>
  <testcase name="testReviewDraft_Reject" classname="cn.edu.xmu.service.ServiceProviderServiceTest" time="0.0">
    <system-out><![CDATA[2025-12-26T00:18:44.859+08:00  INFO 33393 --- [service-service] [           main] c.e.x.s.service.ServiceProviderService   : 开始审核服务商变更: draftId=2, conclusion=0
2025-12-26T00:18:44.859+08:00  INFO 33393 --- [service-service] [           main] c.e.x.s.service.ServiceProviderService   : 服务商变更审核拒绝: draftId=2, opinion=资质不符合要求
2025-12-26T00:18:44.859+08:00  INFO 33393 --- [service-service] [           main] c.e.x.s.service.ServiceProviderService   : 服务商变更审核完成: draftId=2, status=REJECTED
]]></system-out>
  </testcase>
  <testcase name="reviewDraftShouldValidateDraftStatus" classname="cn.edu.xmu.service.ServiceProviderServiceTest" time="0.001">
    <system-out><![CDATA[2025-12-26T00:18:44.860+08:00  INFO 33393 --- [service-service] [           main] c.e.x.s.service.ServiceProviderService   : 开始审核服务商变更: draftId=30, conclusion=1
]]></system-out>
  </testcase>
  <testcase name="getDraftHistoryShouldReturnReadableHistory" classname="cn.edu.xmu.service.ServiceProviderServiceTest" time="0.001"/>
  <testcase name="testReviewDraft_Approve" classname="cn.edu.xmu.service.ServiceProviderServiceTest" time="0.0">
    <system-out><![CDATA[2025-12-26T00:18:44.861+08:00  INFO 33393 --- [service-service] [           main] c.e.x.s.service.ServiceProviderService   : 开始审核服务商变更: draftId=1, conclusion=1
2025-12-26T00:18:44.861+08:00  INFO 33393 --- [service-service] [           main] c.e.x.s.service.ServiceProviderService   : 服务商变更审核通过: draftId=1
2025-12-26T00:18:44.861+08:00  INFO 33393 --- [service-service] [           main] c.e.x.s.service.ServiceProviderService   : 服务商变更审核完成: draftId=1, status=APPROVED
]]></system-out>
  </testcase>
  <testcase name="testReviewDraft_WithNullOpinion" classname="cn.edu.xmu.service.ServiceProviderServiceTest" time="0.001">
    <system-out><![CDATA[2025-12-26T00:18:44.862+08:00  INFO 33393 --- [service-service] [           main] c.e.x.s.service.ServiceProviderService   : 开始审核服务商变更: draftId=4, conclusion=1
2025-12-26T00:18:44.862+08:00  INFO 33393 --- [service-service] [           main] c.e.x.s.service.ServiceProviderService   : 服务商变更审核通过: draftId=4
2025-12-26T00:18:44.862+08:00  INFO 33393 --- [service-service] [           main] c.e.x.s.service.ServiceProviderService   : 服务商变更审核完成: draftId=4, status=APPROVED
]]></system-out>
  </testcase>
</testsuite>